[34m2025-08-12 16:24:26.101[0;39m [INFO] c.h.s.SimplyFlyApplication [main] Starting SimplyFlyApplication using Java 22.0.1 with PID 11464 (C:\Users\HP\eclipse-workspace\simplyFly\target\classes started by HP in C:\Users\HP\eclipse-workspace\simplyFly)
[34m2025-08-12 16:24:26.103[0;39m [INFO] c.h.s.SimplyFlyApplication [main] No active profile set, falling back to 1 default profile: "default"
[34m2025-08-12 16:24:26.717[0;39m [INFO] o.s.d.r.c.RepositoryConfigurationDelegate [main] Bootstrapping Spring Data JPA repositories in DEFAULT mode.
[34m2025-08-12 16:24:26.787[0;39m [INFO] o.s.d.r.c.RepositoryConfigurationDelegate [main] Finished Spring Data repository scanning in 61 ms. Found 6 JPA repository interfaces.
[34m2025-08-12 16:24:27.211[0;39m [INFO] o.s.b.w.e.t.TomcatWebServer [main] Tomcat initialized with port 8080 (http)
[34m2025-08-12 16:24:27.223[0;39m [INFO] o.a.c.c.StandardService [main] Starting service [Tomcat]
[34m2025-08-12 16:24:27.223[0;39m [INFO] o.a.c.c.StandardEngine [main] Starting Servlet engine: [Apache Tomcat/10.1.43]
[34m2025-08-12 16:24:27.267[0;39m [INFO] o.a.c.c.C.[.[.[/] [main] Initializing Spring embedded WebApplicationContext
[34m2025-08-12 16:24:27.268[0;39m [INFO] o.s.b.w.s.c.ServletWebServerApplicationContext [main] Root WebApplicationContext: initialization completed in 1131 ms
[34m2025-08-12 16:24:27.381[0;39m [INFO] c.z.h.HikariDataSource [main] HikariPool-1 - Starting...
[34m2025-08-12 16:24:27.656[0;39m [INFO] c.z.h.p.HikariPool [main] HikariPool-1 - Added connection com.mysql.cj.jdbc.ConnectionImpl@9c0d0bd
[34m2025-08-12 16:24:27.658[0;39m [INFO] c.z.h.HikariDataSource [main] HikariPool-1 - Start completed.
[34m2025-08-12 16:24:27.731[0;39m [INFO] o.h.j.i.u.LogHelper [main] HHH000204: Processing PersistenceUnitInfo [name: default]
[34m2025-08-12 16:24:27.781[0;39m [INFO] o.h.Version [main] HHH000412: Hibernate ORM core version 6.6.22.Final
[34m2025-08-12 16:24:27.816[0;39m [INFO] o.h.c.i.RegionFactoryInitiator [main] HHH000026: Second-level cache disabled
[34m2025-08-12 16:24:28.050[0;39m [INFO] o.s.o.j.p.SpringPersistenceUnitInfo [main] No LoadTimeWeaver setup: ignoring JPA class transformer
[34m2025-08-12 16:24:28.115[0;39m [WARN] o.h.o.deprecation [main] HHH90000025: MySQLDialect does not need to be specified explicitly using 'hibernate.dialect' (remove the property setting and it will be selected by default)
[34m2025-08-12 16:24:28.127[0;39m [INFO] o.h.o.c.pooling [main] HHH10001005: Database info:
	Database JDBC URL [Connecting through datasource 'HikariDataSource (HikariPool-1)']
	Database driver: undefined/unknown
	Database version: 8.0.42
	Autocommit mode: undefined/unknown
	Isolation level: undefined/unknown
	Minimum pool size: undefined/unknown
	Maximum pool size: undefined/unknown
[34m2025-08-12 16:24:28.965[0;39m [INFO] o.h.e.t.j.p.i.JtaPlatformInitiator [main] HHH000489: No JTA platform available (set 'hibernate.transaction.jta.platform' to enable JTA platform integration)
[34m2025-08-12 16:24:29.087[0;39m [INFO] o.s.o.j.LocalContainerEntityManagerFactoryBean [main] Initialized JPA EntityManagerFactory for persistence unit 'default'
[34m2025-08-12 16:24:29.550[0;39m [WARN] o.s.b.a.o.j.JpaBaseConfiguration$JpaWebConfiguration [main] spring.jpa.open-in-view is enabled by default. Therefore, database queries may be performed during view rendering. Explicitly configure spring.jpa.open-in-view to disable this warning
[34m2025-08-12 16:24:30.162[0;39m [INFO] o.s.b.w.e.t.TomcatWebServer [main] Tomcat started on port 8080 (http) with context path '/'
[34m2025-08-12 16:24:30.170[0;39m [INFO] c.h.s.SimplyFlyApplication [main] Started SimplyFlyApplication in 4.486 seconds (process running for 5.134)
[34m2025-08-12 16:24:30.173[0;39m [INFO] o.s.b.a.b.JobLauncherApplicationRunner [main] Running default command line with: []
[34m2025-08-12 16:26:12.245[0;39m [INFO] o.s.b.a.SpringApplicationAdminMXBeanRegistrar$SpringApplicationAdmin [RMI TCP Connection(5)-127.0.0.1] Application shutdown requested.
[34m2025-08-12 16:26:12.247[0;39m [INFO] o.s.b.w.e.t.GracefulShutdown [RMI TCP Connection(5)-127.0.0.1] Commencing graceful shutdown. Waiting for active requests to complete
[34m2025-08-12 16:26:12.251[0;39m [INFO] o.s.b.w.e.t.GracefulShutdown [tomcat-shutdown] Graceful shutdown complete
[34m2025-08-12 16:26:12.256[0;39m [INFO] o.s.o.j.LocalContainerEntityManagerFactoryBean [RMI TCP Connection(5)-127.0.0.1] Closing JPA EntityManagerFactory for persistence unit 'default'
[34m2025-08-12 16:26:12.258[0;39m [INFO] c.z.h.HikariDataSource [RMI TCP Connection(5)-127.0.0.1] HikariPool-1 - Shutdown initiated...
[34m2025-08-12 16:26:12.265[0;39m [INFO] c.z.h.HikariDataSource [RMI TCP Connection(5)-127.0.0.1] HikariPool-1 - Shutdown completed.
[34m2025-08-12 16:26:16.501[0;39m [INFO] c.h.s.SimplyFlyApplication [main] Starting SimplyFlyApplication using Java 22.0.1 with PID 21692 (C:\Users\HP\eclipse-workspace\simplyFly\target\classes started by HP in C:\Users\HP\eclipse-workspace\simplyFly)
[34m2025-08-12 16:26:16.503[0;39m [INFO] c.h.s.SimplyFlyApplication [main] No active profile set, falling back to 1 default profile: "default"
[34m2025-08-12 16:26:17.094[0;39m [INFO] o.s.d.r.c.RepositoryConfigurationDelegate [main] Bootstrapping Spring Data JPA repositories in DEFAULT mode.
[34m2025-08-12 16:26:17.158[0;39m [INFO] o.s.d.r.c.RepositoryConfigurationDelegate [main] Finished Spring Data repository scanning in 57 ms. Found 6 JPA repository interfaces.
[34m2025-08-12 16:26:17.638[0;39m [INFO] o.s.b.w.e.t.TomcatWebServer [main] Tomcat initialized with port 8080 (http)
[34m2025-08-12 16:26:17.650[0;39m [INFO] o.a.c.c.StandardService [main] Starting service [Tomcat]
[34m2025-08-12 16:26:17.651[0;39m [INFO] o.a.c.c.StandardEngine [main] Starting Servlet engine: [Apache Tomcat/10.1.43]
[34m2025-08-12 16:26:17.693[0;39m [INFO] o.a.c.c.C.[.[.[/] [main] Initializing Spring embedded WebApplicationContext
[34m2025-08-12 16:26:17.693[0;39m [INFO] o.s.b.w.s.c.ServletWebServerApplicationContext [main] Root WebApplicationContext: initialization completed in 1154 ms
[34m2025-08-12 16:26:17.801[0;39m [INFO] c.z.h.HikariDataSource [main] HikariPool-1 - Starting...
[34m2025-08-12 16:26:18.074[0;39m [INFO] c.z.h.p.HikariPool [main] HikariPool-1 - Added connection com.mysql.cj.jdbc.ConnectionImpl@3dc46f24
[34m2025-08-12 16:26:18.076[0;39m [INFO] c.z.h.HikariDataSource [main] HikariPool-1 - Start completed.
[34m2025-08-12 16:26:18.153[0;39m [INFO] o.h.j.i.u.LogHelper [main] HHH000204: Processing PersistenceUnitInfo [name: default]
[34m2025-08-12 16:26:18.201[0;39m [INFO] o.h.Version [main] HHH000412: Hibernate ORM core version 6.6.22.Final
[34m2025-08-12 16:26:18.233[0;39m [INFO] o.h.c.i.RegionFactoryInitiator [main] HHH000026: Second-level cache disabled
[34m2025-08-12 16:26:18.476[0;39m [INFO] o.s.o.j.p.SpringPersistenceUnitInfo [main] No LoadTimeWeaver setup: ignoring JPA class transformer
[34m2025-08-12 16:26:18.537[0;39m [WARN] o.h.o.deprecation [main] HHH90000025: MySQLDialect does not need to be specified explicitly using 'hibernate.dialect' (remove the property setting and it will be selected by default)
[34m2025-08-12 16:26:18.548[0;39m [INFO] o.h.o.c.pooling [main] HHH10001005: Database info:
	Database JDBC URL [Connecting through datasource 'HikariDataSource (HikariPool-1)']
	Database driver: undefined/unknown
	Database version: 8.0.42
	Autocommit mode: undefined/unknown
	Isolation level: undefined/unknown
	Minimum pool size: undefined/unknown
	Maximum pool size: undefined/unknown
[34m2025-08-12 16:26:19.343[0;39m [INFO] o.h.e.t.j.p.i.JtaPlatformInitiator [main] HHH000489: No JTA platform available (set 'hibernate.transaction.jta.platform' to enable JTA platform integration)
[34m2025-08-12 16:26:19.430[0;39m [INFO] o.s.o.j.LocalContainerEntityManagerFactoryBean [main] Initialized JPA EntityManagerFactory for persistence unit 'default'
[34m2025-08-12 16:26:19.850[0;39m [WARN] o.s.b.a.o.j.JpaBaseConfiguration$JpaWebConfiguration [main] spring.jpa.open-in-view is enabled by default. Therefore, database queries may be performed during view rendering. Explicitly configure spring.jpa.open-in-view to disable this warning
[34m2025-08-12 16:26:20.577[0;39m [INFO] o.s.b.w.e.t.TomcatWebServer [main] Tomcat started on port 8080 (http) with context path '/'
[34m2025-08-12 16:26:20.586[0;39m [INFO] c.h.s.SimplyFlyApplication [main] Started SimplyFlyApplication in 4.474 seconds (process running for 5.052)
[34m2025-08-12 16:26:20.590[0;39m [INFO] o.s.b.a.b.JobLauncherApplicationRunner [main] Running default command line with: []
[34m2025-08-12 16:27:37.461[0;39m [INFO] o.s.b.a.SpringApplicationAdminMXBeanRegistrar$SpringApplicationAdmin [RMI TCP Connection(3)-127.0.0.1] Application shutdown requested.
[34m2025-08-12 16:27:37.463[0;39m [INFO] o.s.b.w.e.t.GracefulShutdown [RMI TCP Connection(3)-127.0.0.1] Commencing graceful shutdown. Waiting for active requests to complete
[34m2025-08-12 16:27:37.467[0;39m [INFO] o.s.b.w.e.t.GracefulShutdown [tomcat-shutdown] Graceful shutdown complete
[34m2025-08-12 16:27:37.471[0;39m [INFO] o.s.o.j.LocalContainerEntityManagerFactoryBean [RMI TCP Connection(3)-127.0.0.1] Closing JPA EntityManagerFactory for persistence unit 'default'
[34m2025-08-12 16:27:37.473[0;39m [INFO] c.z.h.HikariDataSource [RMI TCP Connection(3)-127.0.0.1] HikariPool-1 - Shutdown initiated...
[34m2025-08-12 16:27:37.479[0;39m [INFO] c.z.h.HikariDataSource [RMI TCP Connection(3)-127.0.0.1] HikariPool-1 - Shutdown completed.
[34m2025-08-12 16:27:42.487[0;39m [INFO] c.h.s.SimplyFlyApplication [main] Starting SimplyFlyApplication using Java 22.0.1 with PID 15932 (C:\Users\HP\eclipse-workspace\simplyFly\target\classes started by HP in C:\Users\HP\eclipse-workspace\simplyFly)
[34m2025-08-12 16:27:42.489[0;39m [INFO] c.h.s.SimplyFlyApplication [main] No active profile set, falling back to 1 default profile: "default"
[34m2025-08-12 16:27:43.066[0;39m [INFO] o.s.d.r.c.RepositoryConfigurationDelegate [main] Bootstrapping Spring Data JPA repositories in DEFAULT mode.
[34m2025-08-12 16:27:43.128[0;39m [INFO] o.s.d.r.c.RepositoryConfigurationDelegate [main] Finished Spring Data repository scanning in 56 ms. Found 6 JPA repository interfaces.
[34m2025-08-12 16:27:43.543[0;39m [INFO] o.s.b.w.e.t.TomcatWebServer [main] Tomcat initialized with port 8080 (http)
[34m2025-08-12 16:27:43.557[0;39m [INFO] o.a.c.c.StandardService [main] Starting service [Tomcat]
[34m2025-08-12 16:27:43.557[0;39m [INFO] o.a.c.c.StandardEngine [main] Starting Servlet engine: [Apache Tomcat/10.1.43]
[34m2025-08-12 16:27:43.600[0;39m [INFO] o.a.c.c.C.[.[.[/] [main] Initializing Spring embedded WebApplicationContext
[34m2025-08-12 16:27:43.600[0;39m [INFO] o.s.b.w.s.c.ServletWebServerApplicationContext [main] Root WebApplicationContext: initialization completed in 1078 ms
[34m2025-08-12 16:27:43.711[0;39m [INFO] c.z.h.HikariDataSource [main] HikariPool-1 - Starting...
[34m2025-08-12 16:27:43.998[0;39m [INFO] c.z.h.p.HikariPool [main] HikariPool-1 - Added connection com.mysql.cj.jdbc.ConnectionImpl@13cc31ae
[34m2025-08-12 16:27:44.000[0;39m [INFO] c.z.h.HikariDataSource [main] HikariPool-1 - Start completed.
[34m2025-08-12 16:27:44.070[0;39m [INFO] o.h.j.i.u.LogHelper [main] HHH000204: Processing PersistenceUnitInfo [name: default]
[34m2025-08-12 16:27:44.112[0;39m [INFO] o.h.Version [main] HHH000412: Hibernate ORM core version 6.6.22.Final
[34m2025-08-12 16:27:44.143[0;39m [INFO] o.h.c.i.RegionFactoryInitiator [main] HHH000026: Second-level cache disabled
[34m2025-08-12 16:27:44.376[0;39m [INFO] o.s.o.j.p.SpringPersistenceUnitInfo [main] No LoadTimeWeaver setup: ignoring JPA class transformer
[34m2025-08-12 16:27:44.437[0;39m [WARN] o.h.o.deprecation [main] HHH90000025: MySQLDialect does not need to be specified explicitly using 'hibernate.dialect' (remove the property setting and it will be selected by default)
[34m2025-08-12 16:27:44.450[0;39m [INFO] o.h.o.c.pooling [main] HHH10001005: Database info:
	Database JDBC URL [Connecting through datasource 'HikariDataSource (HikariPool-1)']
	Database driver: undefined/unknown
	Database version: 8.0.42
	Autocommit mode: undefined/unknown
	Isolation level: undefined/unknown
	Minimum pool size: undefined/unknown
	Maximum pool size: undefined/unknown
[34m2025-08-12 16:27:45.222[0;39m [INFO] o.h.e.t.j.p.i.JtaPlatformInitiator [main] HHH000489: No JTA platform available (set 'hibernate.transaction.jta.platform' to enable JTA platform integration)
[34m2025-08-12 16:27:45.312[0;39m [INFO] o.s.o.j.LocalContainerEntityManagerFactoryBean [main] Initialized JPA EntityManagerFactory for persistence unit 'default'
[34m2025-08-12 16:27:45.728[0;39m [WARN] o.s.b.a.o.j.JpaBaseConfiguration$JpaWebConfiguration [main] spring.jpa.open-in-view is enabled by default. Therefore, database queries may be performed during view rendering. Explicitly configure spring.jpa.open-in-view to disable this warning
[34m2025-08-12 16:27:46.358[0;39m [INFO] o.s.b.w.e.t.TomcatWebServer [main] Tomcat started on port 8080 (http) with context path '/'
[34m2025-08-12 16:27:46.365[0;39m [INFO] c.h.s.SimplyFlyApplication [main] Started SimplyFlyApplication in 4.25 seconds (process running for 4.827)
[34m2025-08-12 16:27:46.368[0;39m [INFO] o.s.b.a.b.JobLauncherApplicationRunner [main] Running default command line with: []
[34m2025-08-12 16:28:40.269[0;39m [INFO] o.a.c.c.C.[.[.[/] [http-nio-8080-exec-2] Initializing Spring DispatcherServlet 'dispatcherServlet'
[34m2025-08-12 16:28:40.269[0;39m [INFO] o.s.w.s.DispatcherServlet [http-nio-8080-exec-2] Initializing Servlet 'dispatcherServlet'
[34m2025-08-12 16:28:40.272[0;39m [INFO] o.s.w.s.DispatcherServlet [http-nio-8080-exec-2] Completed initialization in 2 ms
[34m2025-08-12 16:30:41.398[0;39m [INFO] o.s.b.a.SpringApplicationAdminMXBeanRegistrar$SpringApplicationAdmin [RMI TCP Connection(5)-127.0.0.1] Application shutdown requested.
[34m2025-08-12 16:30:41.403[0;39m [INFO] o.s.b.w.e.t.GracefulShutdown [RMI TCP Connection(5)-127.0.0.1] Commencing graceful shutdown. Waiting for active requests to complete
[34m2025-08-12 16:30:41.479[0;39m [INFO] o.s.b.w.e.t.GracefulShutdown [tomcat-shutdown] Graceful shutdown complete
[34m2025-08-12 16:30:41.498[0;39m [INFO] o.s.o.j.LocalContainerEntityManagerFactoryBean [RMI TCP Connection(5)-127.0.0.1] Closing JPA EntityManagerFactory for persistence unit 'default'
[34m2025-08-12 16:30:41.517[0;39m [INFO] c.z.h.HikariDataSource [RMI TCP Connection(5)-127.0.0.1] HikariPool-1 - Shutdown initiated...
[34m2025-08-12 16:30:41.737[0;39m [INFO] c.z.h.HikariDataSource [RMI TCP Connection(5)-127.0.0.1] HikariPool-1 - Shutdown completed.
[34m2025-08-12 16:30:49.137[0;39m [INFO] c.h.s.SimplyFlyApplication [main] Starting SimplyFlyApplication using Java 22.0.1 with PID 3032 (C:\Users\HP\eclipse-workspace\simplyFly\target\classes started by HP in C:\Users\HP\eclipse-workspace\simplyFly)
[34m2025-08-12 16:30:49.141[0;39m [INFO] c.h.s.SimplyFlyApplication [main] No active profile set, falling back to 1 default profile: "default"
[34m2025-08-12 16:30:50.072[0;39m [INFO] o.s.d.r.c.RepositoryConfigurationDelegate [main] Bootstrapping Spring Data JPA repositories in DEFAULT mode.
[34m2025-08-12 16:30:50.164[0;39m [INFO] o.s.d.r.c.RepositoryConfigurationDelegate [main] Finished Spring Data repository scanning in 77 ms. Found 6 JPA repository interfaces.
[34m2025-08-12 16:30:50.698[0;39m [INFO] o.s.b.w.e.t.TomcatWebServer [main] Tomcat initialized with port 8080 (http)
[34m2025-08-12 16:30:50.712[0;39m [INFO] o.a.c.c.StandardService [main] Starting service [Tomcat]
[34m2025-08-12 16:30:50.712[0;39m [INFO] o.a.c.c.StandardEngine [main] Starting Servlet engine: [Apache Tomcat/10.1.43]
[34m2025-08-12 16:30:50.761[0;39m [INFO] o.a.c.c.C.[.[.[/] [main] Initializing Spring embedded WebApplicationContext
[34m2025-08-12 16:30:50.762[0;39m [INFO] o.s.b.w.s.c.ServletWebServerApplicationContext [main] Root WebApplicationContext: initialization completed in 1559 ms
[34m2025-08-12 16:30:50.901[0;39m [INFO] c.z.h.HikariDataSource [main] HikariPool-1 - Starting...
[34m2025-08-12 16:30:51.231[0;39m [INFO] c.z.h.p.HikariPool [main] HikariPool-1 - Added connection com.mysql.cj.jdbc.ConnectionImpl@7cca31fc
[34m2025-08-12 16:30:51.233[0;39m [INFO] c.z.h.HikariDataSource [main] HikariPool-1 - Start completed.
[34m2025-08-12 16:30:51.316[0;39m [INFO] o.h.j.i.u.LogHelper [main] HHH000204: Processing PersistenceUnitInfo [name: default]
[34m2025-08-12 16:30:51.368[0;39m [INFO] o.h.Version [main] HHH000412: Hibernate ORM core version 6.6.22.Final
[34m2025-08-12 16:30:51.401[0;39m [INFO] o.h.c.i.RegionFactoryInitiator [main] HHH000026: Second-level cache disabled
[34m2025-08-12 16:30:51.675[0;39m [INFO] o.s.o.j.p.SpringPersistenceUnitInfo [main] No LoadTimeWeaver setup: ignoring JPA class transformer
[34m2025-08-12 16:30:51.751[0;39m [WARN] o.h.o.deprecation [main] HHH90000025: MySQLDialect does not need to be specified explicitly using 'hibernate.dialect' (remove the property setting and it will be selected by default)
[34m2025-08-12 16:30:51.771[0;39m [INFO] o.h.o.c.pooling [main] HHH10001005: Database info:
	Database JDBC URL [Connecting through datasource 'HikariDataSource (HikariPool-1)']
	Database driver: undefined/unknown
	Database version: 8.0.42
	Autocommit mode: undefined/unknown
	Isolation level: undefined/unknown
	Minimum pool size: undefined/unknown
	Maximum pool size: undefined/unknown
[34m2025-08-12 16:30:52.687[0;39m [INFO] o.h.e.t.j.p.i.JtaPlatformInitiator [main] HHH000489: No JTA platform available (set 'hibernate.transaction.jta.platform' to enable JTA platform integration)
[34m2025-08-12 16:30:52.781[0;39m [INFO] o.s.o.j.LocalContainerEntityManagerFactoryBean [main] Initialized JPA EntityManagerFactory for persistence unit 'default'
[34m2025-08-12 16:30:53.270[0;39m [WARN] o.s.b.a.o.j.JpaBaseConfiguration$JpaWebConfiguration [main] spring.jpa.open-in-view is enabled by default. Therefore, database queries may be performed during view rendering. Explicitly configure spring.jpa.open-in-view to disable this warning
[34m2025-08-12 16:30:53.311[0;39m [WARN] o.s.b.a.s.s.UserDetailsServiceAutoConfiguration [main] 

Using generated security password: 8e2bbef5-988d-4a7f-b935-19b2ff330a2c

This generated password is for development use only. Your security configuration must be updated before running your application in production.

[34m2025-08-12 16:30:53.318[0;39m [INFO] o.s.s.c.a.a.c.InitializeUserDetailsBeanManagerConfigurer$InitializeUserDetailsManagerConfigurer [main] Global AuthenticationManager configured with UserDetailsService bean with name inMemoryUserDetailsManager
[34m2025-08-12 16:30:54.072[0;39m [INFO] o.s.b.w.e.t.TomcatWebServer [main] Tomcat started on port 8080 (http) with context path '/'
[34m2025-08-12 16:30:54.079[0;39m [INFO] c.h.s.SimplyFlyApplication [main] Started SimplyFlyApplication in 5.625 seconds (process running for 7.192)
[34m2025-08-12 16:30:54.082[0;39m [INFO] o.s.b.a.b.JobLauncherApplicationRunner [main] Running default command line with: []
[34m2025-08-12 16:31:28.530[0;39m [INFO] o.a.c.c.C.[.[.[/] [http-nio-8080-exec-2] Initializing Spring DispatcherServlet 'dispatcherServlet'
[34m2025-08-12 16:31:28.530[0;39m [INFO] o.s.w.s.DispatcherServlet [http-nio-8080-exec-2] Initializing Servlet 'dispatcherServlet'
[34m2025-08-12 16:31:28.531[0;39m [INFO] o.s.w.s.DispatcherServlet [http-nio-8080-exec-2] Completed initialization in 1 ms
[34m2025-08-12 16:43:14.543[0;39m [INFO] o.s.b.a.SpringApplicationAdminMXBeanRegistrar$SpringApplicationAdmin [RMI TCP Connection(15)-127.0.0.1] Application shutdown requested.
[34m2025-08-12 16:43:14.547[0;39m [INFO] o.s.b.w.e.t.GracefulShutdown [RMI TCP Connection(15)-127.0.0.1] Commencing graceful shutdown. Waiting for active requests to complete
[34m2025-08-12 16:43:14.557[0;39m [INFO] o.s.b.w.e.t.GracefulShutdown [tomcat-shutdown] Graceful shutdown complete
[34m2025-08-12 16:43:14.565[0;39m [INFO] o.s.o.j.LocalContainerEntityManagerFactoryBean [RMI TCP Connection(15)-127.0.0.1] Closing JPA EntityManagerFactory for persistence unit 'default'
[34m2025-08-12 16:43:14.569[0;39m [INFO] c.z.h.HikariDataSource [RMI TCP Connection(15)-127.0.0.1] HikariPool-1 - Shutdown initiated...
[34m2025-08-12 16:43:14.581[0;39m [INFO] c.z.h.HikariDataSource [RMI TCP Connection(15)-127.0.0.1] HikariPool-1 - Shutdown completed.
[34m2025-08-12 16:43:19.198[0;39m [INFO] c.h.s.SimplyFlyApplication [main] Starting SimplyFlyApplication using Java 22.0.1 with PID 18768 (C:\Users\HP\eclipse-workspace\simplyFly\target\classes started by HP in C:\Users\HP\eclipse-workspace\simplyFly)
[34m2025-08-12 16:43:19.200[0;39m [INFO] c.h.s.SimplyFlyApplication [main] No active profile set, falling back to 1 default profile: "default"
[34m2025-08-12 16:43:20.486[0;39m [INFO] o.s.d.r.c.RepositoryConfigurationDelegate [main] Bootstrapping Spring Data JPA repositories in DEFAULT mode.
[34m2025-08-12 16:43:20.636[0;39m [INFO] o.s.d.r.c.RepositoryConfigurationDelegate [main] Finished Spring Data repository scanning in 134 ms. Found 6 JPA repository interfaces.
[34m2025-08-12 16:43:21.603[0;39m [INFO] o.s.b.w.e.t.TomcatWebServer [main] Tomcat initialized with port 8080 (http)
[34m2025-08-12 16:43:21.633[0;39m [INFO] o.a.c.c.StandardService [main] Starting service [Tomcat]
[34m2025-08-12 16:43:21.634[0;39m [INFO] o.a.c.c.StandardEngine [main] Starting Servlet engine: [Apache Tomcat/10.1.43]
[34m2025-08-12 16:43:21.731[0;39m [INFO] o.a.c.c.C.[.[.[/] [main] Initializing Spring embedded WebApplicationContext
[34m2025-08-12 16:43:21.732[0;39m [INFO] o.s.b.w.s.c.ServletWebServerApplicationContext [main] Root WebApplicationContext: initialization completed in 2467 ms
[34m2025-08-12 16:43:21.997[0;39m [INFO] c.z.h.HikariDataSource [main] HikariPool-1 - Starting...
[34m2025-08-12 16:43:22.653[0;39m [INFO] c.z.h.p.HikariPool [main] HikariPool-1 - Added connection com.mysql.cj.jdbc.ConnectionImpl@5885e231
[34m2025-08-12 16:43:22.657[0;39m [INFO] c.z.h.HikariDataSource [main] HikariPool-1 - Start completed.
[34m2025-08-12 16:43:22.802[0;39m [INFO] o.h.j.i.u.LogHelper [main] HHH000204: Processing PersistenceUnitInfo [name: default]
[34m2025-08-12 16:43:22.887[0;39m [INFO] o.h.Version [main] HHH000412: Hibernate ORM core version 6.6.22.Final
[34m2025-08-12 16:43:22.946[0;39m [INFO] o.h.c.i.RegionFactoryInitiator [main] HHH000026: Second-level cache disabled
[34m2025-08-12 16:43:23.421[0;39m [INFO] o.s.o.j.p.SpringPersistenceUnitInfo [main] No LoadTimeWeaver setup: ignoring JPA class transformer
[34m2025-08-12 16:43:23.558[0;39m [WARN] o.h.o.deprecation [main] HHH90000025: MySQLDialect does not need to be specified explicitly using 'hibernate.dialect' (remove the property setting and it will be selected by default)
[34m2025-08-12 16:43:23.584[0;39m [INFO] o.h.o.c.pooling [main] HHH10001005: Database info:
	Database JDBC URL [Connecting through datasource 'HikariDataSource (HikariPool-1)']
	Database driver: undefined/unknown
	Database version: 8.0.42
	Autocommit mode: undefined/unknown
	Isolation level: undefined/unknown
	Minimum pool size: undefined/unknown
	Maximum pool size: undefined/unknown
[34m2025-08-12 16:43:25.288[0;39m [INFO] o.h.e.t.j.p.i.JtaPlatformInitiator [main] HHH000489: No JTA platform available (set 'hibernate.transaction.jta.platform' to enable JTA platform integration)
[34m2025-08-12 16:43:25.468[0;39m [INFO] o.s.o.j.LocalContainerEntityManagerFactoryBean [main] Initialized JPA EntityManagerFactory for persistence unit 'default'
[34m2025-08-12 16:43:26.239[0;39m [WARN] o.s.b.a.o.j.JpaBaseConfiguration$JpaWebConfiguration [main] spring.jpa.open-in-view is enabled by default. Therefore, database queries may be performed during view rendering. Explicitly configure spring.jpa.open-in-view to disable this warning
[34m2025-08-12 16:43:27.385[0;39m [INFO] o.s.b.w.e.t.TomcatWebServer [main] Tomcat started on port 8080 (http) with context path '/'
[34m2025-08-12 16:43:27.398[0;39m [INFO] c.h.s.SimplyFlyApplication [main] Started SimplyFlyApplication in 8.841 seconds (process running for 9.65)
[34m2025-08-12 16:43:27.405[0;39m [INFO] o.s.b.a.b.JobLauncherApplicationRunner [main] Running default command line with: []
[34m2025-08-12 16:44:21.007[0;39m [INFO] o.a.c.c.C.[.[.[/] [http-nio-8080-exec-2] Initializing Spring DispatcherServlet 'dispatcherServlet'
[34m2025-08-12 16:44:21.007[0;39m [INFO] o.s.w.s.DispatcherServlet [http-nio-8080-exec-2] Initializing Servlet 'dispatcherServlet'
[34m2025-08-12 16:44:21.013[0;39m [INFO] o.s.w.s.DispatcherServlet [http-nio-8080-exec-2] Completed initialization in 4 ms
